\BOOKMARK [0][-]{chapter.1}{Introduction}{}% 1
\BOOKMARK [1][-]{section.1.1}{Background and Motivation}{chapter.1}% 2
\BOOKMARK [1][-]{section.1.2}{Goals and Research Questions}{chapter.1}% 3
\BOOKMARK [1][-]{section.1.3}{Research Method}{chapter.1}% 4
\BOOKMARK [1][-]{section.1.4}{Contributions}{chapter.1}% 5
\BOOKMARK [1][-]{section.1.5}{Thesis Structure}{chapter.1}% 6
\BOOKMARK [0][-]{chapter.2}{Background Theory and Motivation}{}% 7
\BOOKMARK [1][-]{section.2.1}{Background Theory}{chapter.2}% 8
\BOOKMARK [1][-]{section.2.2}{Structured Literature Review Protocol}{chapter.2}% 9
\BOOKMARK [1][-]{section.2.3}{Motivation}{chapter.2}% 10
\BOOKMARK [0][-]{chapter.3}{Architecture/Model}{}% 11
\BOOKMARK [0][-]{chapter.4}{Experiments and Results}{}% 12
\BOOKMARK [1][-]{section.4.1}{Experimental Plan}{chapter.4}% 13
\BOOKMARK [1][-]{section.4.2}{Experimental Setup}{chapter.4}% 14
\BOOKMARK [1][-]{section.4.3}{Experimental Results}{chapter.4}% 15
\BOOKMARK [0][-]{chapter.5}{Evaluation and Conclusion}{}% 16
\BOOKMARK [1][-]{section.5.1}{Evaluation}{chapter.5}% 17
\BOOKMARK [1][-]{section.5.2}{Discussion}{chapter.5}% 18
\BOOKMARK [1][-]{section.5.3}{Contributions}{chapter.5}% 19
\BOOKMARK [1][-]{section.5.4}{Future Work}{chapter.5}% 20
\BOOKMARK [0][-]{section.5.4}{Bibliography}{}% 21
\BOOKMARK [0][-]{chapter*.7}{Appendices}{}% 22
