\BOOKMARK [0][-]{chapter.1}{Introduction}{}% 1
\BOOKMARK [1][-]{section.1.1}{Background and Motivation}{chapter.1}% 2
\BOOKMARK [1][-]{section.1.2}{Goals and Research Questions}{chapter.1}% 3
\BOOKMARK [1][-]{section.1.3}{Research Method}{chapter.1}% 4
\BOOKMARK [1][-]{section.1.4}{Thesis Structure}{chapter.1}% 5
\BOOKMARK [0][-]{chapter.2}{Background Theory}{}% 6
\BOOKMARK [1][-]{section.2.1}{Term Frequency}{chapter.2}% 7
\BOOKMARK [1][-]{section.2.2}{Inverse Document Frequency}{chapter.2}% 8
\BOOKMARK [1][-]{section.2.3}{TF-IDF}{chapter.2}% 9
\BOOKMARK [1][-]{section.2.4}{Hierarchical Structure}{chapter.2}% 10
\BOOKMARK [0][-]{chapter.3}{Implementation}{}% 11
\BOOKMARK [1][-]{section.3.1}{Text Extraction}{chapter.3}% 12
\BOOKMARK [1][-]{section.3.2}{Translation}{chapter.3}% 13
\BOOKMARK [1][-]{section.3.3}{Finding Important Words}{chapter.3}% 14
\BOOKMARK [1][-]{section.3.4}{Finding Related Web Pages}{chapter.3}% 15
\BOOKMARK [0][-]{chapter.4}{Experiments and Results}{}% 16
\BOOKMARK [1][-]{section.4.1}{Experimental Plan}{chapter.4}% 17
\BOOKMARK [1][-]{section.4.2}{Experimental Setup}{chapter.4}% 18
\BOOKMARK [1][-]{section.4.3}{Experimental Results \205 Iteration 1}{chapter.4}% 19
\BOOKMARK [2][-]{subsection.4.3.1}{Translate-first Experiments}{section.4.3}% 20
\BOOKMARK [2][-]{subsection.4.3.2}{Index-first Experiments}{section.4.3}% 21
\BOOKMARK [1][-]{section.4.4}{Experimental Results \205 Iteration 2}{chapter.4}% 22
\BOOKMARK [2][-]{subsection.4.4.1}{Translate-first Experiments}{section.4.4}% 23
\BOOKMARK [2][-]{subsection.4.4.2}{Index-first Experiments}{section.4.4}% 24
\BOOKMARK [0][-]{chapter.5}{Evaluation and Conclusion}{}% 25
\BOOKMARK [1][-]{section.5.1}{Evaluation}{chapter.5}% 26
\BOOKMARK [1][-]{section.5.2}{Discussion}{chapter.5}% 27
\BOOKMARK [1][-]{section.5.3}{Conclusion}{chapter.5}% 28
\BOOKMARK [1][-]{section.5.4}{Future Work}{chapter.5}% 29
\BOOKMARK [0][-]{section.5.4}{Bibliography}{}% 30
\BOOKMARK [0][-]{chapter*.33}{Attachments}{}% 31
