This is pdfTeX, Version 3.1415926-2.5-1.40.14 (TeX Live 2013) (format=pdflatex 2013.10.12)  20 DEC 2013 23:40
entering extended mode
 restricted \write18 enabled.
 file:line:error style messages enabled.
 %&-line parsing enabled.
**report.tex
(./report.tex
LaTeX2e <2011/06/27>
Babel <3.9f> and hyphenation patterns for 78 languages loaded.
(/usr/local/texlive/2013/texmf-dist/tex/latex/base/book.cls
Document Class: book 2007/10/19 v1.4h Standard LaTeX document class
(/usr/local/texlive/2013/texmf-dist/tex/latex/base/bk10.clo
File: bk10.clo 2007/10/19 v1.4h Standard LaTeX file (size option)
)
\c@part=\count79
\c@chapter=\count80
\c@section=\count81
\c@subsection=\count82
\c@subsubsection=\count83
\c@paragraph=\count84
\c@subparagraph=\count85
\c@figure=\count86
\c@table=\count87
\abovecaptionskip=\skip41
\belowcaptionskip=\skip42
\bibindent=\dimen102
) (/usr/local/texlive/2013/texmf-dist/tex/generic/babel/babel.sty
Package: babel 2013/05/16 v3.9f The Babel package
 (/usr/local/texlive/2013/texmf-dist/tex/generic/babel-english/english.ldf
Language: english 2012/08/20 v3.3p English support from the babel system
 (/usr/local/texlive/2013/texmf-dist/tex/generic/babel/babel.def
File: babel.def 2013/05/16 v3.9f Babel common definitions
\babel@savecnt=\count88
\U@D=\dimen103
)
\l@canadian = a dialect from \language\l@american 
\l@australian = a dialect from \language\l@british 
\l@newzealand = a dialect from \language\l@british 
)) (/usr/local/texlive/2013/texmf-dist/tex/latex/base/inputenc.sty
Package: inputenc 2008/03/30 v1.1d Input encoding file
\inpenc@prehook=\toks14
\inpenc@posthook=\toks15
 (/usr/local/texlive/2013/texmf-dist/tex/latex/base/utf8.def
File: utf8.def 2008/04/05 v1.1m UTF-8 support for inputenc
Now handling font encoding OML ...
... no UTF-8 mapping file for font encoding OML
Now handling font encoding T1 ...
... processing UTF-8 mapping file for font encoding T1
 (/usr/local/texlive/2013/texmf-dist/tex/latex/base/t1enc.dfu
File: t1enc.dfu 2008/04/05 v1.1m UTF-8 support for inputenc
   defining Unicode char U+00A1 (decimal 161)
   defining Unicode char U+00A3 (decimal 163)
   defining Unicode char U+00AB (decimal 171)
   defining Unicode char U+00BB (decimal 187)
   defining Unicode char U+00BF (decimal 191)
   defining Unicode char U+00C0 (decimal 192)
   defining Unicode char U+00C1 (decimal 193)
   defining Unicode char U+00C2 (decimal 194)
   defining Unicode char U+00C3 (decimal 195)
   defining Unicode char U+00C4 (decimal 196)
   defining Unicode char U+00C5 (decimal 197)
   defining Unicode char U+00C6 (decimal 198)
   defining Unicode char U+00C7 (decimal 199)
   defining Unicode char U+00C8 (decimal 200)
   defining Unicode char U+00C9 (decimal 201)
   defining Unicode char U+00CA (decimal 202)
   defining Unicode char U+00CB (decimal 203)
   defining Unicode char U+00CC (decimal 204)
   defining Unicode char U+00CD (decimal 205)
   defining Unicode char U+00CE (decimal 206)
   defining Unicode char U+00CF (decimal 207)
   defining Unicode char U+00D0 (decimal 208)
   defining Unicode char U+00D1 (decimal 209)
   defining Unicode char U+00D2 (decimal 210)
   defining Unicode char U+00D3 (decimal 211)
   defining Unicode char U+00D4 (decimal 212)
   defining Unicode char U+00D5 (decimal 213)
   defining Unicode char U+00D6 (decimal 214)
   defining Unicode char U+00D8 (decimal 216)
   defining Unicode char U+00D9 (decimal 217)
   defining Unicode char U+00DA (decimal 218)
   defining Unicode char U+00DB (decimal 219)
   defining Unicode char U+00DC (decimal 220)
   defining Unicode char U+00DD (decimal 221)
   defining Unicode char U+00DE (decimal 222)
   defining Unicode char U+00DF (decimal 223)
   defining Unicode char U+00E0 (decimal 224)
   defining Unicode char U+00E1 (decimal 225)
   defining Unicode char U+00E2 (decimal 226)
   defining Unicode char U+00E3 (decimal 227)
   defining Unicode char U+00E4 (decimal 228)
   defining Unicode char U+00E5 (decimal 229)
   defining Unicode char U+00E6 (decimal 230)
   defining Unicode char U+00E7 (decimal 231)
   defining Unicode char U+00E8 (decimal 232)
   defining Unicode char U+00E9 (decimal 233)
   defining Unicode char U+00EA (decimal 234)
   defining Unicode char U+00EB (decimal 235)
   defining Unicode char U+00EC (decimal 236)
   defining Unicode char U+00ED (decimal 237)
   defining Unicode char U+00EE (decimal 238)
   defining Unicode char U+00EF (decimal 239)
   defining Unicode char U+00F0 (decimal 240)
   defining Unicode char U+00F1 (decimal 241)
   defining Unicode char U+00F2 (decimal 242)
   defining Unicode char U+00F3 (decimal 243)
   defining Unicode char U+00F4 (decimal 244)
   defining Unicode char U+00F5 (decimal 245)
   defining Unicode char U+00F6 (decimal 246)
   defining Unicode char U+00F8 (decimal 248)
   defining Unicode char U+00F9 (decimal 249)
   defining Unicode char U+00FA (decimal 250)
   defining Unicode char U+00FB (decimal 251)
   defining Unicode char U+00FC (decimal 252)
   defining Unicode char U+00FD (decimal 253)
   defining Unicode char U+00FE (decimal 254)
   defining Unicode char U+00FF (decimal 255)
   defining Unicode char U+0102 (decimal 258)
   defining Unicode char U+0103 (decimal 259)
   defining Unicode char U+0104 (decimal 260)
   defining Unicode char U+0105 (decimal 261)
   defining Unicode char U+0106 (decimal 262)
   defining Unicode char U+0107 (decimal 263)
   defining Unicode char U+010C (decimal 268)
   defining Unicode char U+010D (decimal 269)
   defining Unicode char U+010E (decimal 270)
   defining Unicode char U+010F (decimal 271)
   defining Unicode char U+0110 (decimal 272)
   defining Unicode char U+0111 (decimal 273)
   defining Unicode char U+0118 (decimal 280)
   defining Unicode char U+0119 (decimal 281)
   defining Unicode char U+011A (decimal 282)
   defining Unicode char U+011B (decimal 283)
   defining Unicode char U+011E (decimal 286)
   defining Unicode char U+011F (decimal 287)
   defining Unicode char U+0130 (decimal 304)
   defining Unicode char U+0131 (decimal 305)
   defining Unicode char U+0132 (decimal 306)
   defining Unicode char U+0133 (decimal 307)
   defining Unicode char U+0139 (decimal 313)
   defining Unicode char U+013A (decimal 314)
   defining Unicode char U+013D (decimal 317)
   defining Unicode char U+013E (decimal 318)
   defining Unicode char U+0141 (decimal 321)
   defining Unicode char U+0142 (decimal 322)
   defining Unicode char U+0143 (decimal 323)
   defining Unicode char U+0144 (decimal 324)
   defining Unicode char U+0147 (decimal 327)
   defining Unicode char U+0148 (decimal 328)
   defining Unicode char U+014A (decimal 330)
   defining Unicode char U+014B (decimal 331)
   defining Unicode char U+0150 (decimal 336)
   defining Unicode char U+0151 (decimal 337)
   defining Unicode char U+0152 (decimal 338)
   defining Unicode char U+0153 (decimal 339)
   defining Unicode char U+0154 (decimal 340)
   defining Unicode char U+0155 (decimal 341)
   defining Unicode char U+0158 (decimal 344)
   defining Unicode char U+0159 (decimal 345)
   defining Unicode char U+015A (decimal 346)
   defining Unicode char U+015B (decimal 347)
   defining Unicode char U+015E (decimal 350)
   defining Unicode char U+015F (decimal 351)
   defining Unicode char U+0160 (decimal 352)
   defining Unicode char U+0161 (decimal 353)
   defining Unicode char U+0162 (decimal 354)
   defining Unicode char U+0163 (decimal 355)
   defining Unicode char U+0164 (decimal 356)
   defining Unicode char U+0165 (decimal 357)
   defining Unicode char U+016E (decimal 366)
   defining Unicode char U+016F (decimal 367)
   defining Unicode char U+0170 (decimal 368)
   defining Unicode char U+0171 (decimal 369)
   defining Unicode char U+0178 (decimal 376)
   defining Unicode char U+0179 (decimal 377)
   defining Unicode char U+017A (decimal 378)
   defining Unicode char U+017B (decimal 379)
   defining Unicode char U+017C (decimal 380)
   defining Unicode char U+017D (decimal 381)
   defining Unicode char U+017E (decimal 382)
   defining Unicode char U+200C (decimal 8204)
   defining Unicode char U+2013 (decimal 8211)
   defining Unicode char U+2014 (decimal 8212)
   defining Unicode char U+2018 (decimal 8216)
   defining Unicode char U+2019 (decimal 8217)
   defining Unicode char U+201A (decimal 8218)
   defining Unicode char U+201C (decimal 8220)
   defining Unicode char U+201D (decimal 8221)
   defining Unicode char U+201E (decimal 8222)
   defining Unicode char U+2030 (decimal 8240)
   defining Unicode char U+2031 (decimal 8241)
   defining Unicode char U+2039 (decimal 8249)
   defining Unicode char U+203A (decimal 8250)
   defining Unicode char U+2423 (decimal 9251)
)
Now handling font encoding OT1 ...
... processing UTF-8 mapping file for font encoding OT1
 (/usr/local/texlive/2013/texmf-dist/tex/latex/base/ot1enc.dfu
File: ot1enc.dfu 2008/04/05 v1.1m UTF-8 support for inputenc
   defining Unicode char U+00A1 (decimal 161)
   defining Unicode char U+00A3 (decimal 163)
   defining Unicode char U+00B8 (decimal 184)
   defining Unicode char U+00BF (decimal 191)
   defining Unicode char U+00C5 (decimal 197)
   defining Unicode char U+00C6 (decimal 198)
   defining Unicode char U+00D8 (decimal 216)
   defining Unicode char U+00DF (decimal 223)
   defining Unicode char U+00E6 (decimal 230)
   defining Unicode char U+00EC (decimal 236)
   defining Unicode char U+00ED (decimal 237)
   defining Unicode char U+00EE (decimal 238)
   defining Unicode char U+00EF (decimal 239)
   defining Unicode char U+00F8 (decimal 248)
   defining Unicode char U+0131 (decimal 305)
   defining Unicode char U+0141 (decimal 321)
   defining Unicode char U+0142 (decimal 322)
   defining Unicode char U+0152 (decimal 338)
   defining Unicode char U+0153 (decimal 339)
   defining Unicode char U+2013 (decimal 8211)
   defining Unicode char U+2014 (decimal 8212)
   defining Unicode char U+2018 (decimal 8216)
   defining Unicode char U+2019 (decimal 8217)
   defining Unicode char U+201C (decimal 8220)
   defining Unicode char U+201D (decimal 8221)
)
Now handling font encoding OMS ...
... processing UTF-8 mapping file for font encoding OMS
 (/usr/local/texlive/2013/texmf-dist/tex/latex/base/omsenc.dfu
File: omsenc.dfu 2008/04/05 v1.1m UTF-8 support for inputenc
   defining Unicode char U+00A7 (decimal 167)
   defining Unicode char U+00B6 (decimal 182)
   defining Unicode char U+00B7 (decimal 183)
   defining Unicode char U+2020 (decimal 8224)
   defining Unicode char U+2021 (decimal 8225)
   defining Unicode char U+2022 (decimal 8226)
)
Now handling font encoding OMX ...
... no UTF-8 mapping file for font encoding OMX
Now handling font encoding U ...
... no UTF-8 mapping file for font encoding U
   defining Unicode char U+00A9 (decimal 169)
   defining Unicode char U+00AA (decimal 170)
   defining Unicode char U+00AE (decimal 174)
   defining Unicode char U+00BA (decimal 186)
   defining Unicode char U+02C6 (decimal 710)
   defining Unicode char U+02DC (decimal 732)
   defining Unicode char U+200C (decimal 8204)
   defining Unicode char U+2026 (decimal 8230)
   defining Unicode char U+2122 (decimal 8482)
   defining Unicode char U+2423 (decimal 9251)
)) (/usr/local/texlive/2013/texmf-dist/tex/latex/graphics/graphicx.sty
Package: graphicx 1999/02/16 v1.0f Enhanced LaTeX Graphics (DPC,SPQR)
 (/usr/local/texlive/2013/texmf-dist/tex/latex/graphics/keyval.sty
Package: keyval 1999/03/16 v1.13 key=value parser (DPC)
\KV@toks@=\toks16
) (/usr/local/texlive/2013/texmf-dist/tex/latex/graphics/graphics.sty
Package: graphics 2009/02/05 v1.0o Standard LaTeX Graphics (DPC,SPQR)
 (/usr/local/texlive/2013/texmf-dist/tex/latex/graphics/trig.sty
Package: trig 1999/03/16 v1.09 sin cos tan (DPC)
) (/usr/local/texlive/2013/texmf-dist/tex/latex/latexconfig/graphics.cfg
File: graphics.cfg 2010/04/23 v1.9 graphics configuration of TeX Live
)
Package graphics Info: Driver file: pdftex.def on input line 91.
 (/usr/local/texlive/2013/texmf-dist/tex/latex/pdftex-def/pdftex.def
File: pdftex.def 2011/05/27 v0.06d Graphics/color for pdfTeX
 (/usr/local/texlive/2013/texmf-dist/tex/generic/oberdiek/infwarerr.sty
Package: infwarerr 2010/04/08 v1.3 Providing info/warning/error messages (HO)
) (/usr/local/texlive/2013/texmf-dist/tex/generic/oberdiek/ltxcmds.sty
Package: ltxcmds 2011/11/09 v1.22 LaTeX kernel commands for general use (HO)
)
\Gread@gobject=\count89
))
\Gin@req@height=\dimen104
\Gin@req@width=\dimen105
) (/usr/local/texlive/2013/texmf-dist/tex/latex/geometry/geometry.sty
Package: geometry 2010/09/12 v5.6 Page Geometry
 (/usr/local/texlive/2013/texmf-dist/tex/generic/oberdiek/ifpdf.sty
Package: ifpdf 2011/01/30 v2.3 Provides the ifpdf switch (HO)
Package ifpdf Info: pdfTeX in PDF mode is detected.
) (/usr/local/texlive/2013/texmf-dist/tex/generic/oberdiek/ifvtex.sty
Package: ifvtex 2010/03/01 v1.5 Detect VTeX and its facilities (HO)
Package ifvtex Info: VTeX not detected.
) (/usr/local/texlive/2013/texmf-dist/tex/generic/ifxetex/ifxetex.sty
Package: ifxetex 2010/09/12 v0.6 Provides ifxetex conditional
)
\Gm@cnth=\count90
\Gm@cntv=\count91
\c@Gm@tempcnt=\count92
\Gm@bindingoffset=\dimen106
\Gm@wd@mp=\dimen107
\Gm@odd@mp=\dimen108
\Gm@even@mp=\dimen109
\Gm@layoutwidth=\dimen110
\Gm@layoutheight=\dimen111
\Gm@layouthoffset=\dimen112
\Gm@layoutvoffset=\dimen113
\Gm@dimlist=\toks17
) (/usr/local/texlive/2013/texmf-dist/tex/latex/natbib/natbib.sty
Package: natbib 2010/09/13 8.31b (PWD, AO)
\bibhang=\skip43
\bibsep=\skip44
LaTeX Info: Redefining \cite on input line 694.
\c@NAT@ctr=\count93
) (/usr/local/texlive/2013/texmf-dist/tex/latex/parskip/parskip.sty
Package: parskip 2001/04/09 non-zero parskip adjustments
) (/usr/local/texlive/2013/texmf-dist/tex/latex/hyperref/nameref.sty
Package: nameref 2012/10/27 v2.43 Cross-referencing by name of section
 (/usr/local/texlive/2013/texmf-dist/tex/latex/oberdiek/refcount.sty
Package: refcount 2011/10/16 v3.4 Data extraction from label references (HO)
) (/usr/local/texlive/2013/texmf-dist/tex/generic/oberdiek/gettitlestring.sty
Package: gettitlestring 2010/12/03 v1.4 Cleanup title references (HO)
 (/usr/local/texlive/2013/texmf-dist/tex/latex/oberdiek/kvoptions.sty
Package: kvoptions 2011/06/30 v3.11 Key value format for package options (HO)
 (/usr/local/texlive/2013/texmf-dist/tex/generic/oberdiek/kvsetkeys.sty
Package: kvsetkeys 2012/04/25 v1.16 Key value parser (HO)
 (/usr/local/texlive/2013/texmf-dist/tex/generic/oberdiek/etexcmds.sty
Package: etexcmds 2011/02/16 v1.5 Avoid name clashes with e-TeX commands (HO)
 (/usr/local/texlive/2013/texmf-dist/tex/generic/oberdiek/ifluatex.sty
Package: ifluatex 2010/03/01 v1.3 Provides the ifluatex switch (HO)
Package ifluatex Info: LuaTeX not detected.
)
Package etexcmds Info: Could not find \expanded.
(etexcmds)             That can mean that you are not using pdfTeX 1.50 or
(etexcmds)             that some package has redefined \expanded.
(etexcmds)             In the latter case, load this package earlier.
))))
\c@section@level=\count94
LaTeX Info: Redefining \ref on input line 353.
LaTeX Info: Redefining \pageref on input line 353.
)
(/usr/local/texlive/2013/texmf-dist/tex/latex/hyperref/hyperref.sty
Package: hyperref 2012/11/06 v6.83m Hypertext links for LaTeX
 (/usr/local/texlive/2013/texmf-dist/tex/generic/oberdiek/hobsub-hyperref.sty
Package: hobsub-hyperref 2012/05/28 v1.13 Bundle oberdiek, subset hyperref (HO)
 (/usr/local/texlive/2013/texmf-dist/tex/generic/oberdiek/hobsub-generic.sty
Package: hobsub-generic 2012/05/28 v1.13 Bundle oberdiek, subset generic (HO)
Package: hobsub 2012/05/28 v1.13 Construct package bundles (HO)
Package hobsub Info: Skipping package `infwarerr' (already loaded).
Package hobsub Info: Skipping package `ltxcmds' (already loaded).
Package hobsub Info: Skipping package `ifluatex' (already loaded).
Package hobsub Info: Skipping package `ifvtex' (already loaded).
Package: intcalc 2007/09/27 v1.1 Expandable calculations with integers (HO)
Package hobsub Info: Skipping package `ifpdf' (already loaded).
Package hobsub Info: Skipping package `etexcmds' (already loaded).
Package hobsub Info: Skipping package `kvsetkeys' (already loaded).
Package: kvdefinekeys 2011/04/07 v1.3 Define keys (HO)
Package: pdftexcmds 2011/11/29 v0.20 Utility functions of pdfTeX for LuaTeX (HO)
Package pdftexcmds Info: LuaTeX not detected.
Package pdftexcmds Info: \pdf@primitive is available.
Package pdftexcmds Info: \pdf@ifprimitive is available.
Package pdftexcmds Info: \pdfdraftmode found.
Package: pdfescape 2011/11/25 v1.13 Implements pdfTeX's escape features (HO)
Package: bigintcalc 2012/04/08 v1.3 Expandable calculations on big integers (HO)
Package: bitset 2011/01/30 v1.1 Handle bit-vector datatype (HO)
Package: uniquecounter 2011/01/30 v1.2 Provide unlimited unique counter (HO)
)
Package hobsub Info: Skipping package `hobsub' (already loaded).
Package: letltxmacro 2010/09/02 v1.4 Let assignment for LaTeX macros (HO)
Package: hopatch 2012/05/28 v1.2 Wrapper for package hooks (HO)
Package: xcolor-patch 2011/01/30 xcolor patch
Package: atveryend 2011/06/30 v1.8 Hooks at the very end of document (HO)
Package atveryend Info: \enddocument detected (standard20110627).
Package: atbegshi 2011/10/05 v1.16 At begin shipout hook (HO)
Package hobsub Info: Skipping package `refcount' (already loaded).
Package: hycolor 2011/01/30 v1.7 Color options for hyperref/bookmark (HO)
) (/usr/local/texlive/2013/texmf-dist/tex/latex/oberdiek/auxhook.sty
Package: auxhook 2011/03/04 v1.3 Hooks for auxiliary files (HO)
)
\@linkdim=\dimen114
\Hy@linkcounter=\count95
\Hy@pagecounter=\count96
 (/usr/local/texlive/2013/texmf-dist/tex/latex/hyperref/pd1enc.def
File: pd1enc.def 2012/11/06 v6.83m Hyperref: PDFDocEncoding definition (HO)
Now handling font encoding PD1 ...
... no UTF-8 mapping file for font encoding PD1
)
\Hy@SavedSpaceFactor=\count97
 (/usr/local/texlive/2013/texmf-dist/tex/latex/latexconfig/hyperref.cfg
File: hyperref.cfg 2002/06/06 v1.2 hyperref configuration of TeXLive
)
Package hyperref Info: Hyper figures OFF on input line 4443.
Package hyperref Info: Link nesting OFF on input line 4448.
Package hyperref Info: Hyper index ON on input line 4451.
Package hyperref Info: Plain pages OFF on input line 4458.
Package hyperref Info: Backreferencing OFF on input line 4463.
Package hyperref Info: Implicit mode ON; LaTeX internals redefined.
Package hyperref Info: Bookmarks ON on input line 4688.
\c@Hy@tempcnt=\count98
 (/usr/local/texlive/2013/texmf-dist/tex/latex/url/url.sty
\Urlmuskip=\muskip10
Package: url 2006/04/12  ver 3.3  Verb mode for urls, etc.
)
LaTeX Info: Redefining \url on input line 5041.
\XeTeXLinkMargin=\dimen115
\Fld@menulength=\count99
\Field@Width=\dimen116
\Fld@charsize=\dimen117
Package hyperref Info: Hyper figures OFF on input line 6295.
Package hyperref Info: Link nesting OFF on input line 6300.
Package hyperref Info: Hyper index ON on input line 6303.
Package hyperref Info: backreferencing OFF on input line 6310.
Package hyperref Info: Link coloring OFF on input line 6315.
Package hyperref Info: Link coloring with OCG OFF on input line 6320.
Package hyperref Info: PDF/A mode OFF on input line 6325.
LaTeX Info: Redefining \ref on input line 6365.
LaTeX Info: Redefining \pageref on input line 6369.
\Hy@abspage=\count100
\c@Item=\count101
\c@Hfootnote=\count102
)

Package hyperref Message: Driver (autodetected): hpdftex.

(/usr/local/texlive/2013/texmf-dist/tex/latex/hyperref/hpdftex.def
File: hpdftex.def 2012/11/06 v6.83m Hyperref driver for pdfTeX
\Fld@listcount=\count103
\c@bookmark@seq@number=\count104
 (/usr/local/texlive/2013/texmf-dist/tex/latex/oberdiek/rerunfilecheck.sty
Package: rerunfilecheck 2011/04/15 v1.7 Rerun checks for auxiliary files (HO)
Package uniquecounter Info: New unique counter `rerunfilecheck' on input line 282.
)
\Hy@SectionHShift=\skip45
) (/usr/local/texlive/2013/texmf-dist/tex/latex/float/float.sty
Package: float 2001/11/08 v1.3d Float enhancements (AL)
\c@float@type=\count105
\float@exts=\toks18
\float@box=\box26
\@float@everytoks=\toks19
\@floatcapt=\box27
)
\@float@every@table=\toks20
 (/Users/skohorn/Dropbox/Projects/Products/2016 NTNU Pre-Project/Report/.texpadtmp/report.aux

LaTeX Warning: Label `subsubsec:no-javafx-2' multiply defined.


LaTeX Warning: Label `subsubsec:no-tr-der-med-java-2' multiply defined.


LaTeX Warning: Label `subsubsec:no-swing-2' multiply defined.


LaTeX Warning: Label `subsubsec:no-bruk-av-debuggeren-i-eclipse-2' multiply defined.


LaTeX Warning: Label `subsubsec:no-tall-og-beregninger-2' multiply defined.

)
\openout1 = `report.aux'.

LaTeX Font Info:    Checking defaults for OML/cmm/m/it on input line 38.
LaTeX Font Info:    ... okay on input line 38.
LaTeX Font Info:    Checking defaults for T1/cmr/m/n on input line 38.
LaTeX Font Info:    ... okay on input line 38.
LaTeX Font Info:    Checking defaults for OT1/cmr/m/n on input line 38.
LaTeX Font Info:    ... okay on input line 38.
LaTeX Font Info:    Checking defaults for OMS/cmsy/m/n on input line 38.
LaTeX Font Info:    ... okay on input line 38.
LaTeX Font Info:    Checking defaults for OMX/cmex/m/n on input line 38.
LaTeX Font Info:    ... okay on input line 38.
LaTeX Font Info:    Checking defaults for U/cmr/m/n on input line 38.
LaTeX Font Info:    ... okay on input line 38.
LaTeX Font Info:    Checking defaults for PD1/pdf/m/n on input line 38.
LaTeX Font Info:    ... okay on input line 38.
 (/usr/local/texlive/2013/texmf-dist/tex/context/base/supp-pdf.mkii
[Loading MPS to PDF converter (version 2006.09.02).]
\scratchcounter=\count106
\scratchdimen=\dimen118
\scratchbox=\box28
\nofMPsegments=\count107
\nofMParguments=\count108
\everyMPshowfont=\toks21
\MPscratchCnt=\count109
\MPscratchDim=\dimen119
\MPnumerator=\count110
\makeMPintoPDFobject=\count111
\everyMPtoPDFconversion=\toks22
) (/usr/local/texlive/2013/texmf-dist/tex/latex/oberdiek/epstopdf-base.sty
Package: epstopdf-base 2010/02/09 v2.5 Base part for package epstopdf
 (/usr/local/texlive/2013/texmf-dist/tex/latex/oberdiek/grfext.sty
Package: grfext 2010/08/19 v1.1 Manage graphics extensions (HO)
)
Package grfext Info: Graphics extension search list:
(grfext)             [.png,.pdf,.jpg,.mps,.jpeg,.jbig2,.jb2,.PNG,.PDF,.JPG,.JPEG,.JBIG2,.JB2,.eps]
(grfext)             \AppendGraphicsExtensions on input line 452.
 (/usr/local/texlive/2013/texmf-dist/tex/latex/latexconfig/epstopdf-sys.cfg
File: epstopdf-sys.cfg 2010/07/13 v1.3 Configuration of (r)epstopdf for TeX Live
))
*geometry* driver: auto-detecting
*geometry* detected driver: pdftex
*geometry* verbose mode - [ preamble ] result:
* driver: pdftex
* paper: a4paper
* layout: <same size as paper>
* layoutoffset:(h,v)=(0.0pt,0.0pt)
* modes: twoside 
* h-part:(L,W,R)=(71.70166pt, 418.25368pt, 107.55254pt)
* v-part:(T,H,B)=(101.40665pt, 591.5302pt, 152.11pt)
* \paperwidth=597.50787pt
* \paperheight=845.04684pt
* \textwidth=418.25368pt
* \textheight=591.5302pt
* \oddsidemargin=-0.56833pt
* \evensidemargin=35.28255pt
* \topmargin=-0.93083pt
* \headheight=12.0pt
* \headsep=18.06749pt
* \topskip=10.0pt
* \footskip=25.29494pt
* \marginparwidth=115.0pt
* \marginparsep=7.0pt
* \columnsep=10.0pt
* \skip\footins=9.0pt plus 4.0pt minus 2.0pt
* \hoffset=0.0pt
* \voffset=0.0pt
* \mag=1000
* \@twocolumnfalse
* \@twosidetrue
* \@mparswitchtrue
* \@reversemarginfalse
* (1in=72.27pt=25.4mm, 1cm=28.453pt)

\AtBeginShipoutBox=\box29
Package hyperref Info: Link coloring OFF on input line 38.
LaTeX Info: Redefining \ref on input line 38.
LaTeX Info: Redefining \pageref on input line 38.
LaTeX Info: Redefining \nameref on input line 38.
(/Users/skohorn/Dropbox/Projects/Products/2016 NTNU Pre-Project/Report/.texpadtmp/report.out) (/Users/skohorn/Dropbox/Projects/Products/2016 NTNU Pre-Project/Report/.texpadtmp/report.out)
\@outlinefile=\write3
\openout3 = `report.out'.


Overfull \hbox (45.72202pt too wide) in paragraph at lines 45--47
\OT1/cmr/m/n/24.88 Finding Re-lated Web Pages for Course []
 []

<figs/ntnu_logo.pdf, id=127, 100.375pt x 100.375pt>
File: figs/ntnu_logo.pdf Graphic file (type pdf)
 <use figs/ntnu_logo.pdf>
Package pdftex.def Info: figs/ntnu_logo.pdf used on input line 58.
(pdftex.def)             Requested size: 85.35826pt x 85.36356pt.
 [1


{/usr/local/texlive/2013/texmf-var/fonts/map/pdftex/updmap/pdftex.map} <./figs/ntnu_logo.pdf>] [2

]
LaTeX Font Info:    External font `cmex10' loaded for size
(Font)              <7> on input line 79.
LaTeX Font Info:    External font `cmex10' loaded for size
(Font)              <5> on input line 79.
 [1

]
Overfull \hbox (13.10808pt too wide) in paragraph at lines 93--94
[]\OT1/cmr/m/n/10 This project was com-pleted un-der the su-per-vi-sion of As-so-ciate Pro-fes-sor [] []. 
 []

[2

] (/Users/skohorn/Dropbox/Projects/Products/2016 NTNU Pre-Project/Report/.texpadtmp/report.toc)
\tf@toc=\write4
\openout4 = `report.toc'.

 [3


] [4

] (/Users/skohorn/Dropbox/Projects/Products/2016 NTNU Pre-Project/Report/.texpadtmp/report.lof)
\tf@lof=\write5
\openout5 = `report.lof'.

 [5] [6

] (/Users/skohorn/Dropbox/Projects/Products/2016 NTNU Pre-Project/Report/.texpadtmp/report.lot [7])
\tf@lot=\write6
\openout6 = `report.lot'.

 [8]
Chapter 1.
LaTeX Font Info:    External font `cmex10' loaded for size
(Font)              <8> on input line 128.
LaTeX Font Info:    External font `cmex10' loaded for size
(Font)              <6> on input line 128.
LaTeX Font Info:    Try loading font information for OMS+cmr on input line 132.
(/usr/local/texlive/2013/texmf-dist/tex/latex/base/omscmr.fd
File: omscmr.fd 1999/05/25 v2.5h Standard LaTeX font definitions
)
LaTeX Font Info:    Font shape `OMS/cmr/m/n' in size <10> not available
(Font)              Font shape `OMS/cmsy/m/n' tried instead on input line 132.
pdfTeX warning (ext4): destination with the same identifier (name{page.1}) has been already used, duplicate ignored
<to be read again> 
                   \relax 
l.147 T
       he content on the wiki is written in Norwegian. My hypothesis is that... [1


]pdfTeX warning (ext4): destination with the same identifier (name{page.2}) has been already used, duplicate ignored
<to be read again> 
                   \relax 
l.176 \chapter
              {Background Theory} [2]
Chapter 2.
[3

] <figs/hierarchical_structure.pdf, id=366, 356.33125pt x 264.99pt>
File: figs/hierarchical_structure.pdf Graphic file (type pdf)
 <use figs/hierarchical_structure.pdf>
Package pdftex.def Info: figs/hierarchical_structure.pdf used on input line 217.
(pdftex.def)             Requested size: 284.52756pt x 211.60007pt.
 [4pdfTeX warning (ext4): destination with the same identifier (name{figure.2.1}) has been already used, duplicate ignored

\AtBegShi@Output ...ipout \box \AtBeginShipoutBox 
                                                  \fi \fi 
l.224 \chapter
              {Implementation} <./figs/hierarchical_structure.pdf>]
Chapter 3.
<figs/stage1.pdf, id=396, 271.0125pt x 366.36874pt>
File: figs/stage1.pdf Graphic file (type pdf)
 <use figs/stage1.pdf>
Package pdftex.def Info: figs/stage1.pdf used on input line 232.
(pdftex.def)             Requested size: 189.43451pt x 256.0748pt.
 <figs/stage2.pdf, id=398, 238.8925pt x 444.66125pt>
File: figs/stage2.pdf Graphic file (type pdf)
 <use figs/stage2.pdf>
Package pdftex.def Info: figs/stage2.pdf used on input line 240.
(pdftex.def)             Requested size: 168.14583pt x 312.9803pt.
 [5

pdfTeX warning (ext4): destination with the same identifier (name{figure.3.1}) has been already used, duplicate ignored

\AtBegShi@Output ...ipout \box \AtBeginShipoutBox 
                                                  \fi \fi 
l.243 \end{figure}
                   <./figs/stage1.pdf>] [6pdfTeX warning (ext4): destination with the same identifier (name{figure.3.2}) has been already used, duplicate ignored

\AtBegShi@Output ...ipout \box \AtBeginShipoutBox 
                                                  \fi \fi 
l.260 
       <./figs/stage2.pdf>] [7] [8

]
Chapter 4.
[9] [10] (./results-en.tex
Overfull \hbox (31.99265pt too wide) in paragraph at lines 35--38
[]$\OT1/cmtt/m/n/10 http : / / techpubs . sgi . com / library / dynaweb _ docs / 0620 / SGI _ Developer / books / Inv _ Mentor /
 []

[11]
Overfull \hbox (16.24278pt too wide) in paragraph at lines 38--40
[]$\OT1/cmtt/m/n/10 http : / / www . openscenegraph . org / projects / osg / wiki / Support / Tutorials / FindingNodes$[] 
 []


Overfull \hbox (24.49274pt too wide) in paragraph at lines 90--93
[]$\OT1/cmtt/m/n/10 http : / / www . kpbs . org / news / 2013 / jun / 10 / shadow -[] market -[] taxi -[] permits -[] lucrative -[] some -[]
 []


Overfull \hbox (14.99283pt too wide) in paragraph at lines 93--96
[]$\OT1/cmtt/m/n/10 http : / / www . wbez . org / news / uber -[] car -[] service -[] app -[] makes -[] winners -[] and -[] losers -[] 104544$[] 
 []


Overfull \hbox (29.24269pt too wide) in paragraph at lines 96--99
[]$\OT1/cmtt/m/n/10 http : / / bostinno . streetwise . co / 2013 / 01 / 28 / boston -[] taxi -[] credit -[] card -[] machine -[] broken/$[] 
 []


Overfull \hbox (2.99292pt too wide) in paragraph at lines 99--102
[]$\OT1/cmtt/m/n/10 http : / / www . motherjones . com / politics / 2013 / 03 / uber -[] drivers -[] strike -[] tips -[] wages -[]
 []


Overfull \hbox (33.49265pt too wide) in paragraph at lines 102--104
[]$\OT1/cmtt/m/n/10 http : / / www . accountingweb . co . uk / anyanswers / question / hmrc -[] targets -[] taxi -[] driversagain$[] 
 []

[12]
Overfull \hbox (5.74287pt too wide) in paragraph at lines 154--157
[]$\OT1/cmtt/m/n/10 http : / / docs . oracle . com / javase / tutorial / uiswing / events / componentlistener . html$[] 
 []


Overfull \hbox (13.49283pt too wide) in paragraph at lines 157--160
[]$\OT1/cmtt/m/n/10 http : / / stackoverflow . com / questions / 9794765 / java -[] jpanel -[] mouse -[] listener -[] doesnt -[]
 []


Overfull \hbox (7.24287pt too wide) in paragraph at lines 163--166
[]$\OT1/cmtt/m/n/10 http : / / stackoverflow . com / questions / 10051176 / listening -[] handling -[] jpanel -[] events$[] 
 []


Overfull \hbox (37.7426pt too wide) in paragraph at lines 166--168
[]$\OT1/cmtt/m/n/10 http : / / www . math . uni -[] hamburg . de / doc / java / tutorial / uiswing / events / componentlistener .
 []

[13]
Overfull \hbox (28.74269pt too wide) in paragraph at lines 227--230
[]$\OT1/cmtt/m/n/10 http : / / eclipsesource . com / blogs / 2013 / 01 / 08 / effective -[] java -[] debugging -[] with -[] eclipse/$[] 
 []


Underfull \vbox (badness 6188) has occurred while \output is active []

 [14]
Overfull \hbox (13.49283pt too wide) in paragraph at lines 287--290
[]$\OT1/cmtt/m/n/10 http : / / stackoverflow . com / questions / 12952024 / how -[] to -[] implement -[] infinity -[] in -[] java$[] 
 []

)
Underfull \vbox (badness 4341) has occurred while \output is active []

 [15] (./results-no.tex
Overfull \hbox (0.49292pt too wide) in paragraph at lines 29--32
[]$\OT1/cmtt/m/n/10 http : / / irrlicht . sourceforge . net / docu / classirr _ 1 _ 1scene _ 1 _ 1 _ i _ scene _ manager .
 []


Overfull \hbox (23.99274pt too wide) in paragraph at lines 38--40
[]$\OT1/cmtt/m/n/10 http : / / docs . autodesk . com / 3DSMAX / 15 / ENU / 3ds -[] Max -[] SDK -[] Programmer -[] Guide / files / GUID -[]
 []

[16]
Overfull \hbox (0.49292pt too wide) in paragraph at lines 93--96
[]$\OT1/cmtt/m/n/10 http : / / www . reddit . com / r / IAmA / comments / 19g9mi / i _ am _ a _ 26 _ year _ old _ nyc _ yellow _
 []


Overfull \hbox (10.99283pt too wide) in paragraph at lines 96--99
[]$\OT1/cmtt/m/n/10 http : / / www . boston . com / 2013 / 08 / 28 / taxipodium / rkvcjky4As9Gl4nqXUvGmM / story . html$[] 
 []


Underfull \vbox (badness 5862) has occurred while \output is active []

 [17]
Overfull \hbox (8.24287pt too wide) in paragraph at lines 154--157
[]$\OT1/cmtt/m/n/10 http : / / stackoverflow . com / questions / 14550255 / jbuttons -[] inside -[] jpanels -[] fill -[] up -[]
 []


Overfull \hbox (3.49292pt too wide) in paragraph at lines 160--163
[]$\OT1/cmtt/m/n/10 http : / / stackoverflow . com / questions / 15753536 / parent -[] jpanel -[] how -[] to -[] listen -[] to -[]
 []


Overfull \hbox (18.24278pt too wide) in paragraph at lines 163--166
[]$\OT1/cmtt/m/n/10 http : / / www . daniweb . com / software -[] development / java / threads / 200752 / draw -[] a -[] filled -[]
 []


Underfull \vbox (badness 1817) has occurred while \output is active []

 [18]
Overfull \hbox (17.74278pt too wide) in paragraph at lines 221--224
[]$\OT1/cmtt/m/n/10 https : / / developers . google . com / chrome -[] developer -[] tools / docs / javascript -[] debugging$[] 
 []


Overfull \hbox (28.24269pt too wide) in paragraph at lines 230--232
[]$\OT1/cmtt/m/n/10 http : / / www . mathworks . com / help / matlab / matlab _ prog / debugging -[] process -[] and -[] features .
 []


Underfull \vbox (badness 4341) has occurred while \output is active []

 [19]
Overfull \hbox (6.1081pt too wide) in paragraph at lines 277--278
[]\OT1/cmr/m/n/10 The search re-sults based on the query `` in-fin-ity range nu-meric types wrap-per float-ing point'': 
 []


Overfull \hbox (0.99292pt too wide) in paragraph at lines 293--295
[]$\OT1/cmtt/m/n/10 http : / / wiki . seas . harvard . edu / geos -[] chem / index . php / Floating _ point _ math _ issues$[] 
 []

)
Underfull \vbox (badness 4341) has occurred while \output is active []

 [20] [21] (./results-en2.tex [22]
Overfull \hbox (29.24269pt too wide) in paragraph at lines 89--92
[]$\OT1/cmtt/m/n/10 http : / / www . slideshare . net / planetcassandra / cassandra -[] summit -[] data -[] stax -[] java -[] driver$[] 
 []


Overfull \hbox (8.74287pt too wide) in paragraph at lines 95--98
[]$\OT1/cmtt/m/n/10 http : / / forums . spybot . info / showthread . php ? 69832 -[] Runtime -[] Error -[] 216 -[] when -[] using -[]
 []


Overfull \hbox (115.99191pt too wide) in paragraph at lines 98--101
[]$\OT1/cmtt/m/n/10 https : / / courses . cs . washington . edu / courses / cse403 / 02su / www / internal / docs / TechnicalDocumentationv8 .
 []


Underfull \vbox (badness 2134) has occurred while \output is active []

 [23]
Overfull \hbox (5.74287pt too wide) in paragraph at lines 152--155
[]$\OT1/cmtt/m/n/10 http : / / docs . oracle . com / javase / tutorial / uiswing / events / componentlistener . html$[] 
 []


Overfull \hbox (13.49283pt too wide) in paragraph at lines 155--158
[]$\OT1/cmtt/m/n/10 http : / / stackoverflow . com / questions / 9794765 / java -[] jpanel -[] mouse -[] listener -[] doesnt -[]
 []


Overfull \hbox (13.49283pt too wide) in paragraph at lines 161--164
[]$\OT1/cmtt/m/n/10 http : / / stackoverflow . com / questions / 10784104 / how -[] to -[] resize -[] components -[] related -[]
 []


Underfull \vbox (badness 4341) has occurred while \output is active []

 [24]
Overfull \hbox (28.74269pt too wide) in paragraph at lines 218--221
[]$\OT1/cmtt/m/n/10 http : / / eclipsesource . com / blogs / 2013 / 01 / 08 / effective -[] java -[] debugging -[] with -[] eclipse/$[] 
 []


Overfull \hbox (37.7426pt too wide) in paragraph at lines 221--224
[]$\OT1/cmtt/m/n/10 http : / / help . eclipse . org / indigo / topic / org . eclipse . jdt . doc . user / tasks / task -[] stepping .
 []


Overfull \hbox (0.49292pt too wide) in paragraph at lines 227--229
[]$\OT1/cmtt/m/n/10 http : / / help . eclipse . org / juno / topic / org . eclipse . jdt . doc . user / gettingStarted /
 []


Underfull \vbox (badness 1968) has occurred while \output is active []

 [25]
Overfull \hbox (13.49283pt too wide) in paragraph at lines 281--284
[]$\OT1/cmtt/m/n/10 http : / / stackoverflow . com / questions / 12952024 / how -[] to -[] implement -[] infinity -[] in -[] java$[] 
 []

) (./results-no2.tex
Underfull \vbox (badness 1430) has occurred while \output is active []

 [26] [27]
LaTeX Font Info:    Try loading font information for OMS+cmtt on input line 92.
LaTeX Font Info:    No file OMScmtt.fd. on input line 92.


LaTeX Font Warning: Font shape `OMS/cmtt/m/n' undefined
(Font)              using `OMS/cmsy/m/n' instead
(Font)              for symbol `textperiodcentered' on input line 92.


Overfull \hbox (14.49283pt too wide) in paragraph at lines 98--101
[]$\OT1/cmtt/m/n/10 http : / / www . city -[] data . com / forum / phoenix -[] area / 947792 -[] stupid -[] cab -[] drivers -[] around -[]
 []


Overfull \hbox (34.49265pt too wide) in paragraph at lines 101--103
[]$\OT1/cmtt/m/n/10 http : / / www . computing . co . uk / ctg / news / 2273632 / russian -[] appbased -[] taxi -[] startup -[] wheely -[]
 []


Overfull \hbox (8.24287pt too wide) in paragraph at lines 152--155
[]$\OT1/cmtt/m/n/10 http : / / stackoverflow . com / questions / 14550255 / jbuttons -[] inside -[] jpanels -[] fill -[] up -[]
 []

[28]
Overfull \hbox (12.99283pt too wide) in paragraph at lines 158--161
[]$\OT1/cmtt/m/n/10 http : / / stackoverflow . com / questions / 20443764 / jtable -[] update -[] after -[] row -[] selection$[] 
 []


Overfull \hbox (0.49292pt too wide) in paragraph at lines 164--166
[]$\OT1/cmtt/m/n/10 http : / / www . jfree . org / jfreechart / api / javadoc / org / jfree / chart / ChartPanel . html$[] 
 []


Overfull \hbox (17.74278pt too wide) in paragraph at lines 215--218
[]$\OT1/cmtt/m/n/10 https : / / developers . google . com / chrome -[] developer -[] tools / docs / javascript -[] debugging$[] 
 []


Overfull \hbox (10.99283pt too wide) in paragraph at lines 218--221
[]$\OT1/cmtt/m/n/10 http : / / www . mathcs . emory . edu / []cheung / Courses / 170 / Syllabus / 02 / BlueJ / BlueJ3 . html$[] 
 []

[29]
Overfull \hbox (13.49283pt too wide) in paragraph at lines 287--290
[]$\OT1/cmtt/m/n/10 http : / / stackoverflow . com / questions / 12952024 / how -[] to -[] implement -[] infinity -[] in -[] java$[] 
 []

) [30] [31] [32

]
Chapter 5.
[33] [34] [35] [36

] (/Users/skohorn/Dropbox/Projects/Products/2016 NTNU Pre-Project/Report/.texpadtmp/report.bbl) [37

] [38

] [39] [40

]
Package atveryend Info: Empty hook `BeforeClearDocument' on input line 573.
Package atveryend Info: Empty hook `AfterLastShipout' on input line 573.
 (/Users/skohorn/Dropbox/Projects/Products/2016 NTNU Pre-Project/Report/.texpadtmp/report.aux)
Package atveryend Info: Executing hook `AtVeryEndDocument' on input line 573.
Package atveryend Info: Executing hook `AtEndAfterFileList' on input line 573.
Package rerunfilecheck Info: File `report.out' has not changed.
(rerunfilecheck)             Checksum: <no file>.


LaTeX Font Warning: Some font shapes were not available, defaults substituted.


LaTeX Warning: There were multiply-defined labels.

Package atveryend Info: Empty hook `AtVeryVeryEnd' on input line 573.
 ) 
Here is how much of TeX's memory you used:
 6987 strings out of 493315
 102887 string characters out of 6137903
 217389 words of memory out of 5000000
 10048 multiletter control sequences out of 15000+600000
 10795 words of font info for 38 fonts, out of 8000000 for 9000
 957 hyphenation exceptions out of 8191
 42i,9n,31p,615b,448s stack positions out of 5000i,500n,10000p,200000b,80000s
</usr/local/texlive/2013/texmf-dist/fonts/type1/public/amsfonts/cm/cmbx10.pfb></usr/local/texlive/2013/texmf-dist/fonts/type1/public/amsfonts/cm/cmbx12.pfb></usr/local/texlive/2013/texmf-dist/fonts/type1/public/amsfonts/cm/cmex10.pfb></usr/local/texlive/2013/texmf-dist/fonts/type1/public/amsfonts/cm/cmmi10.pfb></usr/local/texlive/2013/texmf-dist/fonts/type1/public/amsfonts/cm/cmr10.pfb></usr/local/texlive/2013/texmf-dist/fonts/type1/public/amsfonts/cm/cmr17.pfb></usr/local/texlive/2013/texmf-dist/fonts/type1/public/amsfonts/cm/cmr6.pfb></usr/local/texlive/2013/texmf-dist/fonts/type1/public/amsfonts/cm/cmr7.pfb></usr/local/texlive/2013/texmf-dist/fonts/type1/public/amsfonts/cm/cmr8.pfb></usr/local/texlive/2013/texmf-dist/fonts/type1/public/amsfonts/cm/cmsl10.pfb></usr/local/texlive/2013/texmf-dist/fonts/type1/public/amsfonts/cm/cmsy10.pfb></usr/local/texlive/2013/texmf-dist/fonts/type1/public/amsfonts/cm/cmsy5.pfb></usr/local/texlive/2013/texmf-dist/fonts/type1/public/amsfonts/cm/cmti10.pfb></usr/local/texlive/2013/texmf-dist/fonts/type1/public/amsfonts/cm/cmtt10.pfb></usr/local/texlive/2013/texmf-dist/fonts/type1/public/amsfonts/cm/cmtt8.pfb>
Output written on "/Users/skohorn/Dropbox/Projects/Products/2016 NTNU Pre-Project/Report/.texpadtmp/report.pdf" (50 pages, 336201 bytes).
PDF statistics:
 1054 PDF objects out of 1200 (max. 8388607)
 961 compressed objects within 10 object streams
 278 named destinations out of 1000 (max. 500000)
 269 words of extra memory for PDF output out of 10000 (max. 10000000)

